  [1m[35m (3.2ms)[0m  [1m[35mCREATE DATABASE `first_app_development` DEFAULT CHARACTER SET `utf8mb4`[0m
  [1m[35m (2.4ms)[0m  [1m[35mCREATE DATABASE `first_app_test` DEFAULT CHARACTER SET `utf8mb4`[0m
Started GET "/" for ::1 at 2023-07-24 17:06:34 +0900
Processing by Rails::WelcomeController#index as HTML
  Rendering /Users/hagiwarayasuhiro/.rbenv/versions/3.2.0/lib/ruby/gems/3.2.0/gems/railties-7.0.6/lib/rails/templates/rails/welcome/index.html.erb
  Rendered /Users/hagiwarayasuhiro/.rbenv/versions/3.2.0/lib/ruby/gems/3.2.0/gems/railties-7.0.6/lib/rails/templates/rails/welcome/index.html.erb (Duration: 1.3ms | Allocations: 634)
Completed 200 OK in 14ms (Views: 4.2ms | ActiveRecord: 0.0ms | Allocations: 7374)


Started GET "/posts" for ::1 at 2023-07-24 19:21:09 +0900
  
ActionController::RoutingError (uninitialized constant PostsController):
  
Started GET "/posts" for ::1 at 2023-07-24 20:11:46 +0900
Processing by PostsController#index as HTML
Completed 406 Not Acceptable in 3ms (ActiveRecord: 0.0ms | Allocations: 2227)


  
ActionController::MissingExactTemplate (PostsController#index is missing a template for request formats: text/html):
  
actionpack (7.0.6) lib/action_controller/metal/implicit_render.rb:45:in `default_render'
actionpack (7.0.6) lib/action_controller/metal/basic_implicit_render.rb:7:in `send_action'
actionpack (7.0.6) lib/abstract_controller/base.rb:215:in `process_action'
actionpack (7.0.6) lib/action_controller/metal/rendering.rb:165:in `process_action'
actionpack (7.0.6) lib/abstract_controller/callbacks.rb:234:in `block in process_action'
activesupport (7.0.6) lib/active_support/callbacks.rb:118:in `block in run_callbacks'
actiontext (7.0.6) lib/action_text/rendering.rb:20:in `with_renderer'
actiontext (7.0.6) lib/action_text/engine.rb:69:in `block (4 levels) in <class:Engine>'
activesupport (7.0.6) lib/active_support/callbacks.rb:127:in `instance_exec'
activesupport (7.0.6) lib/active_support/callbacks.rb:127:in `block in run_callbacks'
activesupport (7.0.6) lib/active_support/callbacks.rb:138:in `run_callbacks'
actionpack (7.0.6) lib/abstract_controller/callbacks.rb:233:in `process_action'
actionpack (7.0.6) lib/action_controller/metal/rescue.rb:23:in `process_action'
actionpack (7.0.6) lib/action_controller/metal/instrumentation.rb:67:in `block in process_action'
activesupport (7.0.6) lib/active_support/notifications.rb:206:in `block in instrument'
activesupport (7.0.6) lib/active_support/notifications/instrumenter.rb:24:in `instrument'
activesupport (7.0.6) lib/active_support/notifications.rb:206:in `instrument'
actionpack (7.0.6) lib/action_controller/metal/instrumentation.rb:66:in `process_action'
actionpack (7.0.6) lib/action_controller/metal/params_wrapper.rb:259:in `process_action'
activerecord (7.0.6) lib/active_record/railties/controller_runtime.rb:27:in `process_action'
actionpack (7.0.6) lib/abstract_controller/base.rb:151:in `process'
actionview (7.0.6) lib/action_view/rendering.rb:39:in `process'
actionpack (7.0.6) lib/action_controller/metal.rb:188:in `dispatch'
actionpack (7.0.6) lib/action_controller/metal.rb:251:in `dispatch'
actionpack (7.0.6) lib/action_dispatch/routing/route_set.rb:49:in `dispatch'
actionpack (7.0.6) lib/action_dispatch/routing/route_set.rb:32:in `serve'
actionpack (7.0.6) lib/action_dispatch/journey/router.rb:50:in `block in serve'
actionpack (7.0.6) lib/action_dispatch/journey/router.rb:32:in `each'
actionpack (7.0.6) lib/action_dispatch/journey/router.rb:32:in `serve'
actionpack (7.0.6) lib/action_dispatch/routing/route_set.rb:852:in `call'
rack (2.2.7) lib/rack/tempfile_reaper.rb:15:in `call'
rack (2.2.7) lib/rack/etag.rb:27:in `call'
rack (2.2.7) lib/rack/conditional_get.rb:27:in `call'
rack (2.2.7) lib/rack/head.rb:12:in `call'
actionpack (7.0.6) lib/action_dispatch/http/permissions_policy.rb:38:in `call'
actionpack (7.0.6) lib/action_dispatch/http/content_security_policy.rb:36:in `call'
rack (2.2.7) lib/rack/session/abstract/id.rb:266:in `context'
rack (2.2.7) lib/rack/session/abstract/id.rb:260:in `call'
actionpack (7.0.6) lib/action_dispatch/middleware/cookies.rb:704:in `call'
activerecord (7.0.6) lib/active_record/migration.rb:603:in `call'
actionpack (7.0.6) lib/action_dispatch/middleware/callbacks.rb:27:in `block in call'
activesupport (7.0.6) lib/active_support/callbacks.rb:99:in `run_callbacks'
actionpack (7.0.6) lib/action_dispatch/middleware/callbacks.rb:26:in `call'
actionpack (7.0.6) lib/action_dispatch/middleware/executor.rb:14:in `call'
actionpack (7.0.6) lib/action_dispatch/middleware/actionable_exceptions.rb:17:in `call'
actionpack (7.0.6) lib/action_dispatch/middleware/debug_exceptions.rb:28:in `call'
web-console (4.2.0) lib/web_console/middleware.rb:132:in `call_app'
web-console (4.2.0) lib/web_console/middleware.rb:28:in `block in call'
web-console (4.2.0) lib/web_console/middleware.rb:17:in `catch'
web-console (4.2.0) lib/web_console/middleware.rb:17:in `call'
actionpack (7.0.6) lib/action_dispatch/middleware/show_exceptions.rb:29:in `call'
railties (7.0.6) lib/rails/rack/logger.rb:40:in `call_app'
railties (7.0.6) lib/rails/rack/logger.rb:25:in `block in call'
activesupport (7.0.6) lib/active_support/tagged_logging.rb:99:in `block in tagged'
activesupport (7.0.6) lib/active_support/tagged_logging.rb:37:in `tagged'
activesupport (7.0.6) lib/active_support/tagged_logging.rb:99:in `tagged'
railties (7.0.6) lib/rails/rack/logger.rb:25:in `call'
sprockets-rails (3.4.2) lib/sprockets/rails/quiet_assets.rb:13:in `call'
actionpack (7.0.6) lib/action_dispatch/middleware/remote_ip.rb:93:in `call'
actionpack (7.0.6) lib/action_dispatch/middleware/request_id.rb:26:in `call'
rack (2.2.7) lib/rack/method_override.rb:24:in `call'
rack (2.2.7) lib/rack/runtime.rb:22:in `call'
activesupport (7.0.6) lib/active_support/cache/strategy/local_cache_middleware.rb:29:in `call'
actionpack (7.0.6) lib/action_dispatch/middleware/server_timing.rb:61:in `block in call'
actionpack (7.0.6) lib/action_dispatch/middleware/server_timing.rb:26:in `collect_events'
actionpack (7.0.6) lib/action_dispatch/middleware/server_timing.rb:60:in `call'
actionpack (7.0.6) lib/action_dispatch/middleware/executor.rb:14:in `call'
actionpack (7.0.6) lib/action_dispatch/middleware/static.rb:23:in `call'
rack (2.2.7) lib/rack/sendfile.rb:110:in `call'
actionpack (7.0.6) lib/action_dispatch/middleware/host_authorization.rb:137:in `call'
railties (7.0.6) lib/rails/engine.rb:530:in `call'
puma (5.6.6) lib/puma/configuration.rb:252:in `call'
puma (5.6.6) lib/puma/request.rb:77:in `block in handle_request'
puma (5.6.6) lib/puma/thread_pool.rb:340:in `with_force_shutdown'
puma (5.6.6) lib/puma/request.rb:76:in `handle_request'
puma (5.6.6) lib/puma/server.rb:443:in `process_client'
puma (5.6.6) lib/puma/thread_pool.rb:147:in `block in spawn_thread'
Started GET "/posts" for ::1 at 2023-07-24 20:40:44 +0900
Processing by PostsController#index as HTML
  Rendering layout layouts/application.html.erb
  Rendering posts/index.html.erb within layouts/application
  Rendered posts/index.html.erb within layouts/application (Duration: 0.6ms | Allocations: 109)
  Rendered layout layouts/application.html.erb (Duration: 894.5ms | Allocations: 89788)
Completed 200 OK in 899ms (Views: 897.3ms | Allocations: 90788)


Started GET "/posts" for ::1 at 2023-07-24 20:46:07 +0900
Processing by PostsController#index as HTML
  Rendering layout layouts/application.html.erb
  Rendering posts/index.html.erb within layouts/application
  Rendered posts/index.html.erb within layouts/application (Duration: 0.3ms | Allocations: 125)
  Rendered layout layouts/application.html.erb (Duration: 10.6ms | Allocations: 13351)
Completed 200 OK in 12ms (Views: 11.7ms | Allocations: 14249)


Started GET "/posts" for ::1 at 2023-07-24 20:50:16 +0900
Processing by PostsController#index as HTML
  Rendering layout layouts/application.html.erb
  Rendering posts/index.html.erb within layouts/application
  Rendered posts/index.html.erb within layouts/application (Duration: 2.0ms | Allocations: 136)
  Rendered layout layouts/application.html.erb (Duration: 8.6ms | Allocations: 2684)
Completed 200 OK in 13ms (Views: 11.1ms | Allocations: 3498)


Started GET "/posts" for ::1 at 2023-07-24 20:51:20 +0900
Processing by PostsController#index as HTML
  Rendering layout layouts/application.html.erb
  Rendering posts/index.html.erb within layouts/application
  Rendered posts/index.html.erb within layouts/application (Duration: 2.5ms | Allocations: 1083)
  Rendered layout layouts/application.html.erb (Duration: 3.3ms | Allocations: 1171)
Completed 500 Internal Server Error in 23ms (Allocations: 1970)


  
ActionView::Template::Error (uninitialized constant #<Class:0x0000000110d18358>::RubyコードをHTMLに埋め込むが表示はされない):
    1: <h1>トップページ</h1>
    2: <%= @post %>   <%  RubyコードをHTMLに埋め込むが表示はされない %>
  
app/views/posts/index.html.erb:2
  [1m[35m (37.0ms)[0m  [1m[35mCREATE TABLE `schema_migrations` (`version` varchar(255) NOT NULL PRIMARY KEY)[0m
  [1m[35m (23.2ms)[0m  [1m[35mCREATE TABLE `ar_internal_metadata` (`key` varchar(255) NOT NULL PRIMARY KEY, `value` varchar(255), `created_at` datetime(6) NOT NULL, `updated_at` datetime(6) NOT NULL)[0m
  [1m[35m (0.6ms)[0m  [1m[34mSELECT GET_LOCK('1785429997132287975', 0)[0m
  [1m[36mActiveRecord::SchemaMigration Pluck (0.9ms)[0m  [1m[34mSELECT `schema_migrations`.`version` FROM `schema_migrations` ORDER BY `schema_migrations`.`version` ASC[0m
Migrating to CreatePosts (20230725021519)
  [1m[35m (24.8ms)[0m  [1m[35mCREATE TABLE `posts` (`id` bigint NOT NULL AUTO_INCREMENT PRIMARY KEY, `memo` text, `created_at` datetime(6) NOT NULL, `updated_at` datetime(6) NOT NULL)[0m
  [1m[36mTRANSACTION (0.1ms)[0m  [1m[35mBEGIN[0m
  [1m[36mActiveRecord::SchemaMigration Create (2.2ms)[0m  [1m[32mINSERT INTO `schema_migrations` (`version`) VALUES ('20230725021519')[0m
  [1m[36mTRANSACTION (0.7ms)[0m  [1m[35mCOMMIT[0m
  [1m[36mActiveRecord::InternalMetadata Load (0.4ms)[0m  [1m[34mSELECT `ar_internal_metadata`.* FROM `ar_internal_metadata` WHERE `ar_internal_metadata`.`key` = 'environment' LIMIT 1[0m
  [1m[36mTRANSACTION (0.1ms)[0m  [1m[35mBEGIN[0m
  [1m[36mActiveRecord::InternalMetadata Create (0.8ms)[0m  [1m[32mINSERT INTO `ar_internal_metadata` (`key`, `value`, `created_at`, `updated_at`) VALUES ('environment', 'development', '2023-07-25 02:26:52.918062', '2023-07-25 02:26:52.918062')[0m
  [1m[36mTRANSACTION (0.3ms)[0m  [1m[35mCOMMIT[0m
  [1m[35m (0.2ms)[0m  [1m[34mSELECT RELEASE_LOCK('1785429997132287975')[0m
  [1m[36mActiveRecord::SchemaMigration Pluck (0.4ms)[0m  [1m[34mSELECT `schema_migrations`.`version` FROM `schema_migrations` ORDER BY `schema_migrations`.`version` ASC[0m
  [1m[36mActiveRecord::SchemaMigration Pluck (0.2ms)[0m  [1m[34mSELECT `schema_migrations`.`version` FROM `schema_migrations` ORDER BY `schema_migrations`.`version` ASC[0m
  [1m[36mActiveRecord::SchemaMigration Pluck (0.2ms)[0m  [1m[34mSELECT `schema_migrations`.`version` FROM `schema_migrations` ORDER BY `schema_migrations`.`version` ASC[0m
  [1m[36mActiveRecord::SchemaMigration Pluck (1.9ms)[0m  [1m[34mSELECT `schema_migrations`.`version` FROM `schema_migrations` ORDER BY `schema_migrations`.`version` ASC[0m
  [1m[36mActiveRecord::SchemaMigration Pluck (0.2ms)[0m  [1m[34mSELECT `schema_migrations`.`version` FROM `schema_migrations` ORDER BY `schema_migrations`.`version` ASC[0m
  [1m[35m (0.2ms)[0m  [1m[34mSELECT GET_LOCK('1785429997132287975', 0)[0m
  [1m[36mActiveRecord::SchemaMigration Pluck (0.4ms)[0m  [1m[34mSELECT `schema_migrations`.`version` FROM `schema_migrations` ORDER BY `schema_migrations`.`version` ASC[0m
Migrating to CreatePosts (20230725021519)
  [1m[35m (5.7ms)[0m  [1m[35mDROP TABLE `posts`[0m
  [1m[36mActiveRecord::SchemaMigration Delete All (1.4ms)[0m  [1m[31mDELETE FROM `schema_migrations` WHERE `schema_migrations`.`version` = '20230725021519'[0m
  [1m[35m (0.1ms)[0m  [1m[34mSELECT RELEASE_LOCK('1785429997132287975')[0m
  [1m[36mActiveRecord::SchemaMigration Pluck (0.3ms)[0m  [1m[34mSELECT `schema_migrations`.`version` FROM `schema_migrations` ORDER BY `schema_migrations`.`version` ASC[0m
  [1m[36mActiveRecord::SchemaMigration Pluck (0.2ms)[0m  [1m[34mSELECT `schema_migrations`.`version` FROM `schema_migrations` ORDER BY `schema_migrations`.`version` ASC[0m
  [1m[35m (0.1ms)[0m  [1m[34mSELECT GET_LOCK('1785429997132287975', 0)[0m
  [1m[36mActiveRecord::SchemaMigration Pluck (0.2ms)[0m  [1m[34mSELECT `schema_migrations`.`version` FROM `schema_migrations` ORDER BY `schema_migrations`.`version` ASC[0m
Migrating to CreatePosts (20230725021519)
  [1m[35m (22.1ms)[0m  [1m[35mCREATE TABLE `posts` (`id` bigint NOT NULL AUTO_INCREMENT PRIMARY KEY, `content` text, `created_at` datetime(6) NOT NULL, `updated_at` datetime(6) NOT NULL)[0m
  [1m[36mTRANSACTION (0.1ms)[0m  [1m[35mBEGIN[0m
  [1m[36mActiveRecord::SchemaMigration Create (0.3ms)[0m  [1m[32mINSERT INTO `schema_migrations` (`version`) VALUES ('20230725021519')[0m
  [1m[36mTRANSACTION (0.3ms)[0m  [1m[35mCOMMIT[0m
  [1m[36mActiveRecord::InternalMetadata Load (0.2ms)[0m  [1m[34mSELECT `ar_internal_metadata`.* FROM `ar_internal_metadata` WHERE `ar_internal_metadata`.`key` = 'environment' LIMIT 1[0m
  [1m[35m (0.2ms)[0m  [1m[34mSELECT RELEASE_LOCK('1785429997132287975')[0m
  [1m[36mActiveRecord::SchemaMigration Pluck (0.2ms)[0m  [1m[34mSELECT `schema_migrations`.`version` FROM `schema_migrations` ORDER BY `schema_migrations`.`version` ASC[0m
  [1m[36mTRANSACTION (0.5ms)[0m  [1m[35mBEGIN[0m
  [1m[36mPost Create (2.4ms)[0m  [1m[32mINSERT INTO `posts` (`content`, `created_at`, `updated_at`) VALUES ('こんにちは！', '2023-07-25 05:56:39.074165', '2023-07-25 05:56:39.074165')[0m
  [1m[36mTRANSACTION (0.5ms)[0m  [1m[35mCOMMIT[0m
  [1m[36mPost Load (1.0ms)[0m  [1m[34mSELECT `posts`.* FROM `posts`[0m
  [1m[36mPost Load (1.6ms)[0m  [1m[34mSELECT `posts`.* FROM `posts` WHERE `posts`.`id` = 1 LIMIT 1[0m
  [1m[36mPost Load (1.6ms)[0m  [1m[34mSELECT `posts`.* FROM `posts` WHERE `posts`.`id` = 1 LIMIT 1[0m
Started GET "/posts" for ::1 at 2023-07-25 15:28:27 +0900
  [1m[36mActiveRecord::SchemaMigration Pluck (0.2ms)[0m  [1m[34mSELECT `schema_migrations`.`version` FROM `schema_migrations` ORDER BY `schema_migrations`.`version` ASC[0m
Processing by PostsController#index as HTML
  [1m[36mPost Load (0.3ms)[0m  [1m[34mSELECT `posts`.* FROM `posts` WHERE `posts`.`id` = 1 LIMIT 1[0m
  ↳ app/controllers/posts_controller.rb:3:in `index'
  Rendering layout layouts/application.html.erb
  Rendering posts/index.html.erb within layouts/application
  Rendered posts/index.html.erb within layouts/application (Duration: 1.8ms | Allocations: 333)
  Rendered layout layouts/application.html.erb (Duration: 54.0ms | Allocations: 33743)
Completed 200 OK in 74ms (Views: 59.6ms | ActiveRecord: 2.4ms | Allocations: 44315)


Started GET "/posts" for ::1 at 2023-07-25 15:30:38 +0900
Processing by PostsController#index as HTML
  [1m[36mPost Load (0.6ms)[0m  [1m[34mSELECT `posts`.* FROM `posts` WHERE `posts`.`id` = 1 LIMIT 1[0m
  ↳ app/controllers/posts_controller.rb:3:in `index'
  Rendering layout layouts/application.html.erb
  Rendering posts/index.html.erb within layouts/application
  Rendered posts/index.html.erb within layouts/application (Duration: 0.7ms | Allocations: 137)
  Rendered layout layouts/application.html.erb (Duration: 8.1ms | Allocations: 2727)
Completed 200 OK in 16ms (Views: 11.8ms | ActiveRecord: 0.6ms | Allocations: 4063)


Started GET "/posts" for ::1 at 2023-07-25 15:31:45 +0900
Processing by PostsController#index as HTML
  [1m[36mPost Load (0.5ms)[0m  [1m[34mSELECT `posts`.* FROM `posts` WHERE `posts`.`id` = 1 LIMIT 1[0m
  ↳ app/controllers/posts_controller.rb:3:in `index'
  Rendering layout layouts/application.html.erb
  Rendering posts/index.html.erb within layouts/application
  Rendered posts/index.html.erb within layouts/application (Duration: 1.2ms | Allocations: 246)
  Rendered layout layouts/application.html.erb (Duration: 4.1ms | Allocations: 2777)
Completed 200 OK in 13ms (Views: 8.1ms | ActiveRecord: 0.5ms | Allocations: 4110)


Started GET "/posts" for ::1 at 2023-07-25 15:34:12 +0900
Processing by PostsController#index as HTML
  Rendering layout layouts/application.html.erb
  Rendering posts/index.html.erb within layouts/application
  [1m[36mPost Load (0.4ms)[0m  [1m[34mSELECT `posts`.* FROM `posts` /* loading for inspect */ LIMIT 11[0m
  Rendered posts/index.html.erb within layouts/application (Duration: 6.5ms | Allocations: 4211)
  Rendered layout layouts/application.html.erb (Duration: 6.6ms | Allocations: 4299)
Completed 500 Internal Server Error in 9ms (ActiveRecord: 1.5ms | Allocations: 5727)


  
ActionView::Template::Error (undefined method `content' for #<ActiveRecord::Relation [#<Post id: 1, content: "はじめまして", created_at: "2020-01-01 00:00:00.000000000 +0000", updated_at: "2020-01-01 00:00:00.000000000 +0000">, #<Post id: 2, content: "こんにちは！", created_at: "2023-07-25 05:56:39.074165000 +0000", updated_at: "2023-07-25 05:56:39.074165000 +0000">]>):
    1: <h1>トップページ</h1>
    2: <%= @posts.content %>
    3: <%= @posts.created_at %>
  
app/views/posts/index.html.erb:2
Started GET "/posts" for ::1 at 2023-07-25 15:37:51 +0900
Processing by PostsController#index as HTML
  Rendering layout layouts/application.html.erb
  Rendering posts/index.html.erb within layouts/application
  [1m[36mPost Load (0.4ms)[0m  [1m[34mSELECT `posts`.* FROM `posts`[0m
  ↳ app/views/posts/index.html.erb:2
  Rendered posts/index.html.erb within layouts/application (Duration: 3.4ms | Allocations: 835)
  Rendered layout layouts/application.html.erb (Duration: 20.7ms | Allocations: 14129)
Completed 200 OK in 26ms (Views: 23.0ms | ActiveRecord: 0.4ms | Allocations: 14968)


Started GET "/posts" for ::1 at 2023-07-25 15:41:46 +0900
Processing by PostsController#index as HTML
  Rendering layout layouts/application.html.erb
  Rendering posts/index.html.erb within layouts/application
  [1m[36mPost Load (0.4ms)[0m  [1m[34mSELECT `posts`.* FROM `posts`[0m
  ↳ app/views/posts/index.html.erb:2
  Rendered posts/index.html.erb within layouts/application (Duration: 3.3ms | Allocations: 840)
  Rendered layout layouts/application.html.erb (Duration: 22.1ms | Allocations: 6900)
Completed 200 OK in 29ms (Views: 27.2ms | ActiveRecord: 0.4ms | Allocations: 7724)


Started GET "/posts/new" for ::1 at 2023-07-25 18:09:53 +0900
Processing by PostsController#new as HTML
  Rendering layout layouts/application.html.erb
  Rendering posts/new.html.erb within layouts/application
  Rendered posts/new.html.erb within layouts/application (Duration: 0.3ms | Allocations: 107)
  Rendered layout layouts/application.html.erb (Duration: 11.0ms | Allocations: 13330)
Completed 200 OK in 13ms (Views: 12.1ms | Allocations: 14224)


Started GET "/posts/new" for ::1 at 2023-07-25 18:24:09 +0900
Processing by PostsController#new as HTML
  Rendering layout layouts/application.html.erb
  Rendering posts/new.html.erb within layouts/application
  Rendered posts/new.html.erb within layouts/application (Duration: 12.3ms | Allocations: 7386)
  Rendered layout layouts/application.html.erb (Duration: 15.0ms | Allocations: 9819)
Completed 200 OK in 20ms (Views: 17.6ms | Allocations: 10630)


Started GET "/posts/new" for ::1 at 2023-07-25 18:24:15 +0900
Processing by PostsController#new as HTML
  Rendering layout layouts/application.html.erb
  Rendering posts/new.html.erb within layouts/application
  Rendered posts/new.html.erb within layouts/application (Duration: 1.6ms | Allocations: 958)
  Rendered layout layouts/application.html.erb (Duration: 8.2ms | Allocations: 3120)
Completed 200 OK in 10ms (Views: 9.3ms | Allocations: 3379)


Started GET "/posts" for ::1 at 2023-07-25 18:41:24 +0900
  [1m[36mActiveRecord::SchemaMigration Pluck (0.2ms)[0m  [1m[34mSELECT `schema_migrations`.`version` FROM `schema_migrations` ORDER BY `schema_migrations`.`version` ASC[0m
Processing by PostsController#index as HTML
  Rendering layout layouts/application.html.erb
  Rendering posts/index.html.erb within layouts/application
  [1m[36mPost Load (1.5ms)[0m  [1m[34mSELECT `posts`.* FROM `posts`[0m
  ↳ app/views/posts/index.html.erb:3
  Rendered posts/index.html.erb within layouts/application (Duration: 8.5ms | Allocations: 5113)
  Rendered layout layouts/application.html.erb (Duration: 87.2ms | Allocations: 44451)
Completed 200 OK in 96ms (Views: 86.0ms | ActiveRecord: 3.1ms | Allocations: 48991)


Started GET "/posts/new" for ::1 at 2023-07-25 19:01:40 +0900
Processing by PostsController#new as HTML
  Rendering layout layouts/application.html.erb
  Rendering posts/new.html.erb within layouts/application
  Rendered posts/new.html.erb within layouts/application (Duration: 8.1ms | Allocations: 7370)
  Rendered layout layouts/application.html.erb (Duration: 12.2ms | Allocations: 9534)
Completed 200 OK in 14ms (Views: 12.6ms | Allocations: 9851)


Started GET "/posts" for ::1 at 2023-07-25 19:03:15 +0900
Processing by PostsController#index as HTML
  Rendering layout layouts/application.html.erb
  Rendering posts/index.html.erb within layouts/application
  [1m[36mPost Load (0.4ms)[0m  [1m[34mSELECT `posts`.* FROM `posts`[0m
  ↳ app/views/posts/index.html.erb:3
  Rendered posts/index.html.erb within layouts/application (Duration: 3.8ms | Allocations: 794)
  Rendered layout layouts/application.html.erb (Duration: 10.7ms | Allocations: 3102)
Completed 200 OK in 13ms (Views: 11.5ms | ActiveRecord: 0.7ms | Allocations: 3371)


Started GET "/posts" for ::1 at 2023-07-25 19:05:31 +0900
Processing by PostsController#index as HTML
  Rendering layout layouts/application.html.erb
  Rendering posts/index.html.erb within layouts/application
  [1m[36mPost Load (0.6ms)[0m  [1m[34mSELECT `posts`.* FROM `posts`[0m
  ↳ app/views/posts/index.html.erb:3
  Rendered posts/index.html.erb within layouts/application (Duration: 2.7ms | Allocations: 683)
  Rendered layout layouts/application.html.erb (Duration: 8.4ms | Allocations: 3001)
Completed 200 OK in 10ms (Views: 8.6ms | ActiveRecord: 0.6ms | Allocations: 3277)


Started GET "/posts" for ::1 at 2023-07-25 19:05:45 +0900
Processing by PostsController#index as HTML
  Rendering layout layouts/application.html.erb
  Rendering posts/index.html.erb within layouts/application
  [1m[36mPost Load (0.5ms)[0m  [1m[34mSELECT `posts`.* FROM `posts`[0m
  ↳ app/views/posts/index.html.erb:3
  Rendered posts/index.html.erb within layouts/application (Duration: 2.8ms | Allocations: 682)
  Rendered layout layouts/application.html.erb (Duration: 7.8ms | Allocations: 3009)
Completed 200 OK in 10ms (Views: 8.2ms | ActiveRecord: 0.5ms | Allocations: 3285)


Started GET "/posts/new" for ::1 at 2023-07-25 19:05:47 +0900
Processing by PostsController#new as HTML
  Rendering layout layouts/application.html.erb
  Rendering posts/new.html.erb within layouts/application
  Rendered posts/new.html.erb within layouts/application (Duration: 1.4ms | Allocations: 980)
  Rendered layout layouts/application.html.erb (Duration: 4.0ms | Allocations: 3143)
Completed 200 OK in 5ms (Views: 4.6ms | ActiveRecord: 0.0ms | Allocations: 3405)


